2018-11-27T05:17:38+00:00 CRITICAL syntax error, unexpected '<' в C:\OSPanel\domains\foxworkshop.loc\public\wp-content\themes\maison\post-formats\loop\list\_item.php на строке 19

2018-11-27T05:18:13+00:00 CRITICAL Uncaught Error: Call to undefined function get_the_categary() in C:\OSPanel\domains\foxworkshop.loc\public\wp-content\themes\maison\post-formats\loop\list\_item.php:11
Stack trace:
#0 C:\OSPanel\domains\foxworkshop.loc\public\wp-includes\template.php(690): require()
#1 C:\OSPanel\domains\foxworkshop.loc\public\wp-includes\template.php(647): load_template('C:\\OSPanel\\doma...', false)
#2 C:\OSPanel\domains\foxworkshop.loc\public\wp-includes\general-template.php(155): locate_template(Array, true, false)
#3 C:\OSPanel\domains\foxworkshop.loc\public\wp-content\themes\maison\post-formats\layouts\list.php(9): get_template_part('post-formats/lo...')
#4 C:\OSPanel\domains\foxworkshop.loc\public\wp-includes\template.php(690): require('C:\\OSPanel\\doma...')
#5 C:\OSPanel\domains\foxworkshop.loc\public\wp-includes\template.php(647): load_template('C:\\OSPanel\\doma...', false)
#6 C:\OSPanel\domains\foxworkshop.loc\public\wp-includes\general-template.php(155): locate_template(Array, true, false)
#7 C:\OSPanel\domains\f в C:\OSPanel\domains\foxworkshop.loc\public\wp-content\themes\maison\post-formats\loop\list\_item.php на строке 11

2018-11-27T05:18:33+00:00 CRITICAL Uncaught Error: Call to undefined function get_the_categary() in C:\OSPanel\domains\foxworkshop.loc\public\wp-content\themes\maison\post-formats\loop\list\_item.php:11
Stack trace:
#0 C:\OSPanel\domains\foxworkshop.loc\public\wp-includes\template.php(690): require()
#1 C:\OSPanel\domains\foxworkshop.loc\public\wp-includes\template.php(647): load_template('C:\\OSPanel\\doma...', false)
#2 C:\OSPanel\domains\foxworkshop.loc\public\wp-includes\general-template.php(155): locate_template(Array, true, false)
#3 C:\OSPanel\domains\foxworkshop.loc\public\wp-content\themes\maison\post-formats\layouts\list.php(9): get_template_part('post-formats/lo...')
#4 C:\OSPanel\domains\foxworkshop.loc\public\wp-includes\template.php(690): require('C:\\OSPanel\\doma...')
#5 C:\OSPanel\domains\foxworkshop.loc\public\wp-includes\template.php(647): load_template('C:\\OSPanel\\doma...', false)
#6 C:\OSPanel\domains\foxworkshop.loc\public\wp-includes\general-template.php(155): locate_template(Array, true, false)
#7 C:\OSPanel\domains\f в C:\OSPanel\domains\foxworkshop.loc\public\wp-content\themes\maison\post-formats\loop\list\_item.php на строке 11

2018-11-27T05:18:38+00:00 CRITICAL Uncaught Error: Call to undefined function get_the_categary() in C:\OSPanel\domains\foxworkshop.loc\public\wp-content\themes\maison\post-formats\loop\list\_item.php:11
Stack trace:
#0 C:\OSPanel\domains\foxworkshop.loc\public\wp-includes\template.php(690): require()
#1 C:\OSPanel\domains\foxworkshop.loc\public\wp-includes\template.php(647): load_template('C:\\OSPanel\\doma...', false)
#2 C:\OSPanel\domains\foxworkshop.loc\public\wp-includes\general-template.php(155): locate_template(Array, true, false)
#3 C:\OSPanel\domains\foxworkshop.loc\public\wp-content\themes\maison\post-formats\layouts\list.php(9): get_template_part('post-formats/lo...')
#4 C:\OSPanel\domains\foxworkshop.loc\public\wp-includes\template.php(690): require('C:\\OSPanel\\doma...')
#5 C:\OSPanel\domains\foxworkshop.loc\public\wp-includes\template.php(647): load_template('C:\\OSPanel\\doma...', false)
#6 C:\OSPanel\domains\foxworkshop.loc\public\wp-includes\general-template.php(155): locate_template(Array, true, false)
#7 C:\OSPanel\domains\f в C:\OSPanel\domains\foxworkshop.loc\public\wp-content\themes\maison\post-formats\loop\list\_item.php на строке 11

