2018-12-01T11:22:45+00:00 INFO Queuing 3.1.2 - wc_update_312_shop_manager_capabilities
2018-12-01T11:22:45+00:00 INFO Queuing 3.1.2 - wc_update_312_db_version
2018-12-01T11:22:45+00:00 INFO Queuing 3.2.0 - wc_update_320_mexican_states
2018-12-01T11:22:45+00:00 INFO Queuing 3.2.0 - wc_update_320_db_version
2018-12-01T11:22:45+00:00 INFO Queuing 3.3.0 - wc_update_330_image_options
2018-12-01T11:22:45+00:00 INFO Queuing 3.3.0 - wc_update_330_webhooks
2018-12-01T11:22:45+00:00 INFO Queuing 3.3.0 - wc_update_330_product_stock_status
2018-12-01T11:22:45+00:00 INFO Queuing 3.3.0 - wc_update_330_set_default_product_cat
2018-12-01T11:22:45+00:00 INFO Queuing 3.3.0 - wc_update_330_clear_transients
2018-12-01T11:22:45+00:00 INFO Queuing 3.3.0 - wc_update_330_set_paypal_sandbox_credentials
2018-12-01T11:22:45+00:00 INFO Queuing 3.3.0 - wc_update_330_db_version
2018-12-01T11:22:45+00:00 INFO Queuing 3.4.0 - wc_update_340_states
2018-12-01T11:22:45+00:00 INFO Queuing 3.4.0 - wc_update_340_state
2018-12-01T11:22:45+00:00 INFO Queuing 3.4.0 - wc_update_340_last_active
2018-12-01T11:22:45+00:00 INFO Queuing 3.4.0 - wc_update_340_db_version
2018-12-01T11:22:45+00:00 INFO Queuing 3.4.3 - wc_update_343_cleanup_foreign_keys
2018-12-01T11:22:45+00:00 INFO Queuing 3.4.3 - wc_update_343_db_version
2018-12-01T11:22:45+00:00 INFO Queuing 3.4.4 - wc_update_344_recreate_roles
2018-12-01T11:22:45+00:00 INFO Queuing 3.4.4 - wc_update_344_db_version
2018-12-01T11:22:45+00:00 INFO Queuing 3.5.0 - wc_update_350_reviews_comment_type
2018-12-01T11:22:45+00:00 INFO Queuing 3.5.0 - wc_update_350_db_version
2018-12-01T11:22:45+00:00 INFO Queuing 3.5.2 - wc_update_352_drop_download_log_fk
2018-12-01T11:22:48+00:00 INFO Running wc_update_312_shop_manager_capabilities callback
2018-12-01T11:22:48+00:00 INFO Finished running wc_update_312_shop_manager_capabilities callback
2018-12-01T11:22:48+00:00 INFO Running wc_update_312_db_version callback
2018-12-01T11:22:48+00:00 INFO Finished running wc_update_312_db_version callback
2018-12-01T11:22:48+00:00 INFO Running wc_update_320_mexican_states callback
2018-12-01T11:22:48+00:00 INFO Finished running wc_update_320_mexican_states callback
2018-12-01T11:22:48+00:00 INFO Running wc_update_320_db_version callback
2018-12-01T11:22:48+00:00 INFO Finished running wc_update_320_db_version callback
2018-12-01T11:22:48+00:00 INFO Running wc_update_330_image_options callback
2018-12-01T11:22:48+00:00 INFO Finished running wc_update_330_image_options callback
2018-12-01T11:22:48+00:00 INFO Running wc_update_330_webhooks callback
2018-12-01T11:22:48+00:00 INFO Finished running wc_update_330_webhooks callback
2018-12-01T11:22:48+00:00 INFO Running wc_update_330_product_stock_status callback
2018-12-01T11:22:48+00:00 INFO Finished running wc_update_330_product_stock_status callback
2018-12-01T11:22:48+00:00 INFO Running wc_update_330_set_default_product_cat callback
2018-12-01T11:22:48+00:00 INFO Finished running wc_update_330_set_default_product_cat callback
2018-12-01T11:22:48+00:00 INFO Running wc_update_330_clear_transients callback
2018-12-01T11:22:48+00:00 INFO Finished running wc_update_330_clear_transients callback
2018-12-01T11:22:48+00:00 INFO Running wc_update_330_set_paypal_sandbox_credentials callback
2018-12-01T11:22:48+00:00 INFO Finished running wc_update_330_set_paypal_sandbox_credentials callback
2018-12-01T11:22:48+00:00 INFO Running wc_update_330_db_version callback
2018-12-01T11:22:48+00:00 INFO Finished running wc_update_330_db_version callback
2018-12-01T11:22:48+00:00 INFO Running wc_update_340_states callback
2018-12-01T11:22:48+00:00 INFO Finished running wc_update_340_states callback
2018-12-01T11:22:48+00:00 INFO Running wc_update_340_state callback
2018-12-01T11:22:48+00:00 INFO wc_update_340_state callback needs to run again
2018-12-01T11:22:48+00:00 INFO Running wc_update_340_last_active callback
2018-12-01T11:22:48+00:00 INFO Finished running wc_update_340_last_active callback
2018-12-01T11:22:48+00:00 INFO Running wc_update_340_db_version callback
2018-12-01T11:22:48+00:00 INFO Finished running wc_update_340_db_version callback
2018-12-01T11:22:48+00:00 INFO Running wc_update_343_cleanup_foreign_keys callback
2018-12-01T11:22:48+00:00 INFO Finished running wc_update_343_cleanup_foreign_keys callback
2018-12-01T11:22:48+00:00 INFO Running wc_update_343_db_version callback
2018-12-01T11:22:48+00:00 INFO Finished running wc_update_343_db_version callback
2018-12-01T11:22:48+00:00 INFO Running wc_update_344_recreate_roles callback
2018-12-01T11:22:49+00:00 INFO Finished running wc_update_344_recreate_roles callback
2018-12-01T11:22:49+00:00 INFO Running wc_update_344_db_version callback
2018-12-01T11:22:49+00:00 INFO Finished running wc_update_344_db_version callback
2018-12-01T11:22:49+00:00 INFO Running wc_update_350_reviews_comment_type callback
2018-12-01T11:22:49+00:00 INFO Finished running wc_update_350_reviews_comment_type callback
2018-12-01T11:22:49+00:00 INFO Running wc_update_350_db_version callback
2018-12-01T11:22:49+00:00 INFO Finished running wc_update_350_db_version callback
2018-12-01T11:22:49+00:00 INFO Running wc_update_352_drop_download_log_fk callback
2018-12-01T11:22:49+00:00 INFO Finished running wc_update_352_drop_download_log_fk callback
2018-12-01T11:22:49+00:00 INFO Running wc_update_340_state callback
2018-12-01T11:22:49+00:00 INFO wc_update_340_state callback needs to run again
2018-12-01T11:22:49+00:00 INFO Running wc_update_340_state callback
2018-12-01T11:22:49+00:00 INFO wc_update_340_state callback needs to run again
2018-12-01T11:22:49+00:00 INFO Running wc_update_340_state callback
2018-12-01T11:22:49+00:00 INFO wc_update_340_state callback needs to run again
2018-12-01T11:22:49+00:00 INFO Running wc_update_340_state callback
2018-12-01T11:22:49+00:00 INFO wc_update_340_state callback needs to run again
2018-12-01T11:22:49+00:00 INFO Running wc_update_340_state callback
2018-12-01T11:22:49+00:00 INFO wc_update_340_state callback needs to run again
2018-12-01T11:22:49+00:00 INFO Running wc_update_340_state callback
2018-12-01T11:22:49+00:00 INFO wc_update_340_state callback needs to run again
2018-12-01T11:22:49+00:00 INFO Running wc_update_340_state callback
2018-12-01T11:22:49+00:00 INFO wc_update_340_state callback needs to run again
2018-12-01T11:22:49+00:00 INFO Running wc_update_340_state callback
2018-12-01T11:22:49+00:00 INFO wc_update_340_state callback needs to run again
2018-12-01T11:22:49+00:00 INFO Running wc_update_340_state callback
2018-12-01T11:22:49+00:00 INFO wc_update_340_state callback needs to run again
2018-12-01T11:22:49+00:00 INFO Running wc_update_340_state callback
2018-12-01T11:22:49+00:00 INFO wc_update_340_state callback needs to run again
2018-12-01T11:22:49+00:00 INFO Running wc_update_340_state callback
2018-12-01T11:22:49+00:00 INFO wc_update_340_state callback needs to run again
2018-12-01T11:22:49+00:00 INFO Running wc_update_340_state callback
2018-12-01T11:22:49+00:00 INFO wc_update_340_state callback needs to run again
2018-12-01T11:22:49+00:00 INFO Running wc_update_340_state callback
2018-12-01T11:22:49+00:00 INFO wc_update_340_state callback needs to run again
2018-12-01T11:22:49+00:00 INFO Running wc_update_340_state callback
2018-12-01T11:22:49+00:00 INFO wc_update_340_state callback needs to run again
2018-12-01T11:22:49+00:00 INFO Running wc_update_340_state callback
2018-12-01T11:22:49+00:00 INFO wc_update_340_state callback needs to run again
2018-12-01T11:22:49+00:00 INFO Running wc_update_340_state callback
2018-12-01T11:22:49+00:00 INFO wc_update_340_state callback needs to run again
2018-12-01T11:22:49+00:00 INFO Running wc_update_340_state callback
2018-12-01T11:22:49+00:00 INFO wc_update_340_state callback needs to run again
2018-12-01T11:22:49+00:00 INFO Running wc_update_340_state callback
2018-12-01T11:22:49+00:00 INFO wc_update_340_state callback needs to run again
2018-12-01T11:22:49+00:00 INFO Running wc_update_340_state callback
2018-12-01T11:22:49+00:00 INFO wc_update_340_state callback needs to run again
2018-12-01T11:22:49+00:00 INFO Running wc_update_340_state callback
2018-12-01T11:22:49+00:00 INFO wc_update_340_state callback needs to run again
2018-12-01T11:22:49+00:00 INFO Running wc_update_340_state callback
2018-12-01T11:22:49+00:00 INFO wc_update_340_state callback needs to run again
2018-12-01T11:22:49+00:00 INFO Running wc_update_340_state callback
2018-12-01T11:22:49+00:00 INFO wc_update_340_state callback needs to run again
2018-12-01T11:22:49+00:00 INFO Running wc_update_340_state callback
2018-12-01T11:22:49+00:00 INFO wc_update_340_state callback needs to run again
2018-12-01T11:22:49+00:00 INFO Running wc_update_340_state callback
2018-12-01T11:22:49+00:00 INFO wc_update_340_state callback needs to run again
2018-12-01T11:22:49+00:00 INFO Running wc_update_340_state callback
2018-12-01T11:22:49+00:00 INFO wc_update_340_state callback needs to run again
2018-12-01T11:22:49+00:00 INFO Running wc_update_340_state callback
2018-12-01T11:22:49+00:00 INFO wc_update_340_state callback needs to run again
2018-12-01T11:22:49+00:00 INFO Running wc_update_340_state callback
2018-12-01T11:22:49+00:00 INFO wc_update_340_state callback needs to run again
2018-12-01T11:22:49+00:00 INFO Running wc_update_340_state callback
2018-12-01T11:22:49+00:00 INFO wc_update_340_state callback needs to run again
2018-12-01T11:22:49+00:00 INFO Running wc_update_340_state callback
2018-12-01T11:22:49+00:00 INFO wc_update_340_state callback needs to run again
2018-12-01T11:22:49+00:00 INFO Running wc_update_340_state callback
2018-12-01T11:22:49+00:00 INFO wc_update_340_state callback needs to run again
2018-12-01T11:22:49+00:00 INFO Running wc_update_340_state callback
2018-12-01T11:22:49+00:00 INFO wc_update_340_state callback needs to run again
2018-12-01T11:22:49+00:00 INFO Running wc_update_340_state callback
2018-12-01T11:22:49+00:00 INFO wc_update_340_state callback needs to run again
2018-12-01T11:22:49+00:00 INFO Running wc_update_340_state callback
2018-12-01T11:22:49+00:00 INFO wc_update_340_state callback needs to run again
2018-12-01T11:22:49+00:00 INFO Running wc_update_340_state callback
2018-12-01T11:22:49+00:00 INFO wc_update_340_state callback needs to run again
2018-12-01T11:22:49+00:00 INFO Running wc_update_340_state callback
2018-12-01T11:22:49+00:00 INFO wc_update_340_state callback needs to run again
2018-12-01T11:22:49+00:00 INFO Running wc_update_340_state callback
2018-12-01T11:22:49+00:00 INFO wc_update_340_state callback needs to run again
2018-12-01T11:22:49+00:00 INFO Running wc_update_340_state callback
2018-12-01T11:22:49+00:00 INFO wc_update_340_state callback needs to run again
2018-12-01T11:22:49+00:00 INFO Running wc_update_340_state callback
2018-12-01T11:22:49+00:00 INFO wc_update_340_state callback needs to run again
2018-12-01T11:22:49+00:00 INFO Running wc_update_340_state callback
2018-12-01T11:22:49+00:00 INFO wc_update_340_state callback needs to run again
2018-12-01T11:22:49+00:00 INFO Running wc_update_340_state callback
2018-12-01T11:22:49+00:00 INFO wc_update_340_state callback needs to run again
2018-12-01T11:22:49+00:00 INFO Running wc_update_340_state callback
2018-12-01T11:22:49+00:00 INFO wc_update_340_state callback needs to run again
2018-12-01T11:22:49+00:00 INFO Running wc_update_340_state callback
2018-12-01T11:22:49+00:00 INFO wc_update_340_state callback needs to run again
2018-12-01T11:22:49+00:00 INFO Running wc_update_340_state callback
2018-12-01T11:22:49+00:00 INFO wc_update_340_state callback needs to run again
2018-12-01T11:22:49+00:00 INFO Running wc_update_340_state callback
2018-12-01T11:22:49+00:00 INFO wc_update_340_state callback needs to run again
2018-12-01T11:22:49+00:00 INFO Running wc_update_340_state callback
2018-12-01T11:22:49+00:00 INFO wc_update_340_state callback needs to run again
2018-12-01T11:22:49+00:00 INFO Running wc_update_340_state callback
2018-12-01T11:22:49+00:00 INFO wc_update_340_state callback needs to run again
2018-12-01T11:22:49+00:00 INFO Running wc_update_340_state callback
2018-12-01T11:22:49+00:00 INFO wc_update_340_state callback needs to run again
2018-12-01T11:22:49+00:00 INFO Running wc_update_340_state callback
2018-12-01T11:22:49+00:00 INFO wc_update_340_state callback needs to run again
2018-12-01T11:22:49+00:00 INFO Running wc_update_340_state callback
2018-12-01T11:22:49+00:00 INFO wc_update_340_state callback needs to run again
2018-12-01T11:22:49+00:00 INFO Running wc_update_340_state callback
2018-12-01T11:22:49+00:00 INFO wc_update_340_state callback needs to run again
2018-12-01T11:22:49+00:00 INFO Running wc_update_340_state callback
2018-12-01T11:22:49+00:00 INFO wc_update_340_state callback needs to run again
2018-12-01T11:22:49+00:00 INFO Running wc_update_340_state callback
2018-12-01T11:22:49+00:00 INFO wc_update_340_state callback needs to run again
2018-12-01T11:22:49+00:00 INFO Running wc_update_340_state callback
2018-12-01T11:22:49+00:00 INFO wc_update_340_state callback needs to run again
2018-12-01T11:22:49+00:00 INFO Running wc_update_340_state callback
2018-12-01T11:22:49+00:00 INFO wc_update_340_state callback needs to run again
2018-12-01T11:22:49+00:00 INFO Running wc_update_340_state callback
2018-12-01T11:22:49+00:00 INFO wc_update_340_state callback needs to run again
2018-12-01T11:22:49+00:00 INFO Running wc_update_340_state callback
2018-12-01T11:22:49+00:00 INFO wc_update_340_state callback needs to run again
2018-12-01T11:22:49+00:00 INFO Running wc_update_340_state callback
2018-12-01T11:22:49+00:00 INFO wc_update_340_state callback needs to run again
2018-12-01T11:22:49+00:00 INFO Running wc_update_340_state callback
2018-12-01T11:22:49+00:00 INFO wc_update_340_state callback needs to run again
2018-12-01T11:22:49+00:00 INFO Running wc_update_340_state callback
2018-12-01T11:22:49+00:00 INFO wc_update_340_state callback needs to run again
2018-12-01T11:22:49+00:00 INFO Running wc_update_340_state callback
2018-12-01T11:22:49+00:00 INFO wc_update_340_state callback needs to run again
2018-12-01T11:22:49+00:00 INFO Running wc_update_340_state callback
2018-12-01T11:22:49+00:00 INFO wc_update_340_state callback needs to run again
2018-12-01T11:22:49+00:00 INFO Running wc_update_340_state callback
2018-12-01T11:22:49+00:00 INFO wc_update_340_state callback needs to run again
2018-12-01T11:22:49+00:00 INFO Running wc_update_340_state callback
2018-12-01T11:22:49+00:00 INFO wc_update_340_state callback needs to run again
2018-12-01T11:22:49+00:00 INFO Running wc_update_340_state callback
2018-12-01T11:22:49+00:00 INFO wc_update_340_state callback needs to run again
2018-12-01T11:22:49+00:00 INFO Running wc_update_340_state callback
2018-12-01T11:22:49+00:00 INFO wc_update_340_state callback needs to run again
2018-12-01T11:22:49+00:00 INFO Running wc_update_340_state callback
2018-12-01T11:22:49+00:00 INFO Finished running wc_update_340_state callback
2018-12-01T11:22:49+00:00 INFO Data update complete
